2025/10/10 10:39:57 [emerg] 1#1: unknown directive "input" in /etc/nginx/conf.d/default.conf:1
2025/10/10 10:41:18 [emerg] 1#1: unknown directive "input" in /etc/nginx/conf.d/default.conf:1
2025/10/10 10:49:28 [notice] 1#1: using the "epoll" event method
2025/10/10 10:49:28 [notice] 1#1: nginx/1.29.2
2025/10/10 10:49:28 [notice] 1#1: built by gcc 14.2.0 (Debian 14.2.0-19) 
2025/10/10 10:49:28 [notice] 1#1: OS: Linux 6.11.0-29-generic
2025/10/10 10:49:28 [notice] 1#1: getrlimit(RLIMIT_NOFILE): 1073741816:1073741816
2025/10/10 10:49:28 [notice] 1#1: start worker processes
2025/10/10 10:49:28 [notice] 1#1: start worker process 20
2025/10/10 10:49:28 [notice] 1#1: start worker process 21
2025/10/10 10:49:28 [notice] 1#1: start worker process 22
2025/10/10 11:21:20 [notice] 1#1: signal 3 (SIGQUIT) received, shutting down
2025/10/10 11:21:21 [notice] 21#21: gracefully shutting down
2025/10/10 11:21:21 [notice] 22#22: gracefully shutting down
2025/10/10 11:21:21 [notice] 20#20: gracefully shutting down
2025/10/10 11:21:21 [notice] 22#22: exiting
2025/10/10 11:21:21 [notice] 20#20: exiting
2025/10/10 11:21:21 [notice] 21#21: exiting
2025/10/10 11:21:21 [notice] 22#22: exit
2025/10/10 11:21:21 [notice] 20#20: exit
2025/10/10 11:21:21 [notice] 21#21: exit
2025/10/10 11:21:21 [notice] 1#1: signal 17 (SIGCHLD) received from 22
2025/10/10 11:21:21 [notice] 1#1: worker process 22 exited with code 0
2025/10/10 11:21:21 [notice] 1#1: worker process 20 exited with code 0
2025/10/10 11:21:21 [notice] 1#1: worker process 21 exited with code 0
2025/10/10 11:21:21 [notice] 1#1: exit
